# JRE version: Java(TM) SE Runtime Environment (8.0_161-b12) (build 1.8.0_161-b12)
# Java VM: Java HotSpot(TM) 64-Bit Server VM (25.161-b12 mixed mode windows-amd64 compressed oops)
Heap:
 PSYoungGen      total 122880K, used 66837K [0x00000000d6e00000, 0x00000000df400000, 0x0000000100000000)
  eden space 115200K, 51% used [0x00000000d6e00000,0x00000000da7ed2e8,0x00000000dde80000)
  from space 7680K, 97% used [0x00000000de600000,0x00000000ded58368,0x00000000ded80000)
  to   space 6656K, 0% used [0x00000000ded80000,0x00000000ded80000,0x00000000df400000)
 ParOldGen       total 62464K, used 7901K [0x0000000084a00000, 0x0000000088700000, 0x00000000d6e00000)
  object space 62464K, 12% used [0x0000000084a00000,0x00000000851b7698,0x0000000088700000)
 Metaspace       used 30197K, capacity 31494K, committed 31664K, reserved 1077248K
  class space    used 3944K, capacity 4211K, committed 4272K, reserved 1048576K
GC Heap History (10 events):
Event: 8.464 GC heap before
{Heap before GC invocations=4 (full 0):
 PSYoungGen      total 36864K, used 36847K [0x00000000d6e00000, 0x00000000db600000, 0x0000000100000000)
  eden space 31744K, 100% used [0x00000000d6e00000,0x00000000d8d00000,0x00000000d8d00000)
  from space 5120K, 99% used [0x00000000d8d00000,0x00000000d91fbe70,0x00000000d9200000)
  to   space 5120K, 0% used [0x00000000db100000,0x00000000db100000,0x00000000db600000)
 ParOldGen       total 84992K, used 2767K [0x0000000084a00000, 0x0000000089d00000, 0x00000000d6e00000)
  object space 84992K, 3% used [0x0000000084a00000,0x0000000084cb3cd8,0x0000000089d00000)
 Metaspace       used 17123K, capacity 17658K, committed 18048K, reserved 1064960K
  class space    used 2161K, capacity 2307K, committed 2432K, reserved 1048576K
Event: 8.473 GC heap after
Heap after GC invocations=4 (full 0):
 PSYoungGen      total 68608K, used 5106K [0x00000000d6e00000, 0x00000000db600000, 0x0000000100000000)
  eden space 63488K, 0% used [0x00000000d6e00000,0x00000000d6e00000,0x00000000dac00000)
  from space 5120K, 99% used [0x00000000db100000,0x00000000db5fc9a8,0x00000000db600000)
  to   space 5120K, 0% used [0x00000000dac00000,0x00000000dac00000,0x00000000db100000)
 ParOldGen       total 84992K, used 5648K [0x0000000084a00000, 0x0000000089d00000, 0x00000000d6e00000)
  object space 84992K, 6% used [0x0000000084a00000,0x0000000084f843d8,0x0000000089d00000)
 Metaspace       used 17123K, capacity 17658K, committed 18048K, reserved 1064960K
  class space    used 2161K, capacity 2307K, committed 2432K, reserved 1048576K
}
Event: 11.127 GC heap before
{Heap before GC invocations=5 (full 0):
 PSYoungGen      total 68608K, used 36455K [0x00000000d6e00000, 0x00000000db600000, 0x0000000100000000)
  eden space 63488K, 49% used [0x00000000d6e00000,0x00000000d8c9d278,0x00000000dac00000)
  from space 5120K, 99% used [0x00000000db100000,0x00000000db5fc9a8,0x00000000db600000)
  to   space 5120K, 0% used [0x00000000dac00000,0x00000000dac00000,0x00000000db100000)
 ParOldGen       total 84992K, used 5648K [0x0000000084a00000, 0x0000000089d00000, 0x00000000d6e00000)
  object space 84992K, 6% used [0x0000000084a00000,0x0000000084f843d8,0x0000000089d00000)
 Metaspace       used 20660K, capacity 21280K, committed 21296K, reserved 1067008K
  class space    used 2669K, capacity 2850K, committed 2864K, reserved 1048576K
Event: 11.139 GC heap after
Heap after GC invocations=5 (full 0):
 PSYoungGen      total 68608K, used 5115K [0x00000000d6e00000, 0x00000000dfd00000, 0x0000000100000000)
  eden space 63488K, 0% used [0x00000000d6e00000,0x00000000d6e00000,0x00000000dac00000)
  from space 5120K, 99% used [0x00000000dac00000,0x00000000db0fef20,0x00000000db100000)
  to   space 9728K, 0% used [0x00000000df380000,0x00000000df380000,0x00000000dfd00000)
 ParOldGen       total 84992K, used 8960K [0x0000000084a00000, 0x0000000089d00000, 0x00000000d6e00000)
  object space 84992K, 10% used [0x0000000084a00000,0x00000000852c0058,0x0000000089d00000)
 Metaspace       used 20660K, capacity 21280K, committed 21296K, reserved 1067008K
  class space    used 2669K, capacity 2850K, committed 2864K, reserved 1048576K
}
Event: 11.139 GC heap before
{Heap before GC invocations=6 (full 1):
 PSYoungGen      total 68608K, used 5115K [0x00000000d6e00000, 0x00000000dfd00000, 0x0000000100000000)
  eden space 63488K, 0% used [0x00000000d6e00000,0x00000000d6e00000,0x00000000dac00000)
  from space 5120K, 99% used [0x00000000dac00000,0x00000000db0fef20,0x00000000db100000)
  to   space 9728K, 0% used [0x00000000df380000,0x00000000df380000,0x00000000dfd00000)
 ParOldGen       total 84992K, used 8960K [0x0000000084a00000, 0x0000000089d00000, 0x00000000d6e00000)
  object space 84992K, 10% used [0x0000000084a00000,0x00000000852c0058,0x0000000089d00000)
 Metaspace       used 20660K, capacity 21280K, committed 21296K, reserved 1067008K
  class space    used 2669K, capacity 2850K, committed 2864K, reserved 1048576K
Event: 11.328 GC heap after
Heap after GC invocations=6 (full 1):
 PSYoungGen      total 68608K, used 0K [0x00000000d6e00000, 0x00000000dfd00000, 0x0000000100000000)
  eden space 63488K, 0% used [0x00000000d6e00000,0x00000000d6e00000,0x00000000dac00000)
  from space 5120K, 0% used [0x00000000dac00000,0x00000000dac00000,0x00000000db100000)
  to   space 9728K, 0% used [0x00000000df380000,0x00000000df380000,0x00000000dfd00000)
 ParOldGen       total 62464K, used 7885K [0x0000000084a00000, 0x0000000088700000, 0x00000000d6e00000)
  object space 62464K, 12% used [0x0000000084a00000,0x00000000851b3698,0x0000000088700000)
 Metaspace       used 20660K, capacity 21280K, committed 21296K, reserved 1067008K
  class space    used 2669K, capacity 2850K, committed 2864K, reserved 1048576K
}
Event: 19.477 GC heap before
{Heap before GC invocations=7 (full 1):
 PSYoungGen      total 68608K, used 63488K [0x00000000d6e00000, 0x00000000dfd00000, 0x0000000100000000)
  eden space 63488K, 100% used [0x00000000d6e00000,0x00000000dac00000,0x00000000dac00000)
  from space 5120K, 0% used [0x00000000dac00000,0x00000000dac00000,0x00000000db100000)
  to   space 9728K, 0% used [0x00000000df380000,0x00000000df380000,0x00000000dfd00000)
 ParOldGen       total 62464K, used 7885K [0x0000000084a00000, 0x0000000088700000, 0x00000000d6e00000)
  object space 62464K, 12% used [0x0000000084a00000,0x00000000851b3698,0x0000000088700000)
 Metaspace       used 24232K, capacity 25160K, committed 25392K, reserved 1071104K
  class space    used 3122K, capacity 3344K, committed 3376K, reserved 1048576K
Event: 19.494 GC heap after
Heap after GC invocations=7 (full 1):
 PSYoungGen      total 92672K, used 5155K [0x00000000d6e00000, 0x00000000df900000, 0x0000000100000000)
  eden space 87040K, 0% used [0x00000000d6e00000,0x00000000d6e00000,0x00000000dc300000)
  from space 5632K, 91% used [0x00000000df380000,0x00000000df888da0,0x00000000df900000)
  to   space 9728K, 0% used [0x00000000de600000,0x00000000de600000,0x00000000def80000)
 ParOldGen       total 62464K, used 7893K [0x0000000084a00000, 0x0000000088700000, 0x00000000d6e00000)
  object space 62464K, 12% used [0x0000000084a00000,0x00000000851b5698,0x0000000088700000)
 Metaspace       used 24232K, capacity 25160K, committed 25392K, reserved 1071104K
  class space    used 3122K, capacity 3344K, committed 3376K, reserved 1048576K
}
Event: 23.877 GC heap before
{Heap before GC invocations=8 (full 1):
 PSYoungGen      total 92672K, used 92195K [0x00000000d6e00000, 0x00000000df900000, 0x0000000100000000)
  eden space 87040K, 100% used [0x00000000d6e00000,0x00000000dc300000,0x00000000dc300000)
  from space 5632K, 91% used [0x00000000df380000,0x00000000df888da0,0x00000000df900000)
  to   space 9728K, 0% used [0x00000000de600000,0x00000000de600000,0x00000000def80000)
 ParOldGen       total 62464K, used 7893K [0x0000000084a00000, 0x0000000088700000, 0x00000000d6e00000)
  object space 62464K, 12% used [0x0000000084a00000,0x00000000851b5698,0x0000000088700000)
 Metaspace       used 26501K, capacity 27530K, committed 27824K, reserved 1073152K
  class space    used 3424K, capacity 3633K, committed 3760K, reserved 1048576K
Event: 23.887 GC heap after
Heap after GC invocations=8 (full 1):
 PSYoungGen      total 122880K, used 7520K [0x00000000d6e00000, 0x00000000df400000, 0x0000000100000000)
  eden space 115200K, 0% used [0x00000000d6e00000,0x00000000d6e00000,0x00000000dde80000)
  from space 7680K, 97% used [0x00000000de600000,0x00000000ded58368,0x00000000ded80000)
  to   space 6656K, 0% used [0x00000000ded80000,0x00000000ded80000,0x00000000df400000)
 ParOldGen       total 62464K, used 7901K [0x0000000084a00000, 0x0000000088700000, 0x00000000d6e00000)
  object space 62464K, 12% used [0x0000000084a00000,0x00000000851b7698,0x0000000088700000)
 Metaspace       used 26501K, capacity 27530K, committed 27824K, reserved 1073152K
  class space    used 3424K, capacity 3633K, committed 3760K, reserved 1048576K
}

